<?xml version="1.0" encoding="UTF-8"?>
<coverage generated="1780888682536" clover="3.2.0">
  <project timestamp="1780888682536" name="All files">
    <metrics statements="144" coveredstatements="131" conditionals="35" coveredconditionals="21" methods="50" coveredmethods="39" elements="229" coveredelements="191" complexity="0" loc="144" ncloc="144" packages="5" files="8" classes="8"/>
    <package name="governance">
      <metrics statements="8" coveredstatements="8" conditionals="0" coveredconditionals="0" methods="9" coveredmethods="3"/>
      <file name="index.ts" path="C:\dev\cic\src\governance\index.ts">
        <metrics statements="6" coveredstatements="6" conditionals="0" coveredconditionals="0" methods="9" coveredmethods="3"/>
        <line num="3" count="19" type="stmt"/>
        <line num="5" count="17" type="stmt"/>
        <line num="7" count="17" type="stmt"/>
        <line num="10" count="1" type="stmt"/>
        <line num="12" count="1" type="stmt"/>
        <line num="16" count="1" type="stmt"/>
      </file>
      <file name="types.ts" path="C:\dev\cic\src\governance\types.ts">
        <metrics statements="2" coveredstatements="2" conditionals="0" coveredconditionals="0" methods="0" coveredmethods="0"/>
        <line num="3" count="1" type="stmt"/>
        <line num="4" count="1" type="stmt"/>
      </file>
    </package>
    <package name="governance.audit">
      <metrics statements="90" coveredstatements="80" conditionals="23" coveredconditionals="15" methods="21" coveredmethods="18"/>
      <file name="cache.ts" path="C:\dev\cic\src\governance\audit\cache.ts">
        <metrics statements="27" coveredstatements="25" conditionals="1" coveredconditionals="1" methods="7" coveredmethods="7"/>
        <line num="9" count="3" type="stmt"/>
        <line num="10" count="39" type="stmt"/>
        <line num="12" count="39" type="stmt"/>
        <line num="15" count="95" type="stmt"/>
        <line num="26" count="45" type="stmt"/>
        <line num="27" count="45" type="stmt"/>
        <line num="29" count="45" type="cond" truecount="1" falsecount="0"/>
        <line num="31" count="8" type="stmt"/>
        <line num="32" count="8" type="stmt"/>
        <line num="33" count="7" type="stmt"/>
        <line num="34" count="7" type="stmt"/>
        <line num="35" count="7" type="stmt"/>
        <line num="38" count="7" type="stmt"/>
        <line num="39" count="7" type="stmt"/>
        <line num="41" count="4" type="stmt"/>
        <line num="44" count="1" type="stmt"/>
        <line num="45" count="1" type="stmt"/>
        <line num="50" count="48" type="stmt"/>
        <line num="51" count="48" type="stmt"/>
        <line num="56" count="48" type="stmt"/>
        <line num="57" count="48" type="stmt"/>
        <line num="59" count="0" type="stmt"/>
        <line num="65" count="1" type="stmt"/>
        <line num="66" count="1" type="stmt"/>
        <line num="67" count="1" type="stmt"/>
        <line num="69" count="0" type="stmt"/>
        <line num="74" count="1" type="stmt"/>
      </file>
      <file name="deterministic.ts" path="C:\dev\cic\src\governance\audit\deterministic.ts">
        <metrics statements="37" coveredstatements="29" conditionals="13" coveredconditionals="7" methods="7" coveredmethods="6"/>
        <line num="3" count="3" type="stmt"/>
        <line num="4" count="48" type="stmt"/>
        <line num="8" count="48" type="stmt"/>
        <line num="13" count="48" type="stmt"/>
        <line num="25" count="58" type="stmt"/>
        <line num="26" count="58" type="stmt"/>
        <line num="28" count="58" type="stmt"/>
        <line num="29" count="456" type="cond" truecount="1" falsecount="0"/>
        <line num="31" count="228" type="stmt"/>
        <line num="32" count="228" type="cond" truecount="1" falsecount="0"/>
        <line num="34" count="24" type="cond" truecount="2" falsecount="0"/>
        <line num="35" count="22" type="stmt"/>
        <line num="37" count="2" type="stmt"/>
        <line num="41" count="58" type="stmt"/>
        <line num="45" count="228" type="stmt"/>
        <line num="46" count="228" type="cond" truecount="0" falsecount="1"/>
        <line num="48" count="228" type="cond" truecount="1" falsecount="0"/>
        <line num="49" count="171" type="stmt"/>
        <line num="50" count="599" type="stmt"/>
        <line num="51" count="599" type="stmt"/>
        <line num="52" count="599" type="stmt"/>
        <line num="54" count="0" type="stmt"/>
        <line num="55" count="0" type="stmt"/>
        <line num="60" count="57" type="cond" truecount="1" falsecount="0"/>
        <line num="62" count="57" type="cond" truecount="1" falsecount="0"/>
        <line num="63" count="57" type="stmt"/>
        <line num="64" count="57" type="stmt"/>
        <line num="65" count="3" type="stmt"/>
        <line num="66" count="15" type="stmt"/>
        <line num="67" count="3" type="stmt"/>
        <line num="70" count="54" type="stmt"/>
        <line num="75" count="0" type="stmt"/>
        <line num="77" count="0" type="cond" truecount="0" falsecount="4"/>
        <line num="85" count="0" type="cond" truecount="0" falsecount="1"/>
        <line num="86" count="0" type="stmt"/>
        <line num="87" count="0" type="stmt"/>
        <line num="90" count="0" type="stmt"/>
      </file>
      <file name="index.ts" path="C:\dev\cic\src\governance\audit\index.ts">
        <metrics statements="26" coveredstatements="26" conditionals="9" coveredconditionals="7" methods="7" coveredmethods="5"/>
        <line num="2" count="2" type="stmt"/>
        <line num="3" count="2" type="stmt"/>
        <line num="4" count="2" type="stmt"/>
        <line num="6" count="2" type="stmt"/>
        <line num="10" count="33" type="stmt"/>
        <line num="11" count="33" type="cond" truecount="0" falsecount="1"/>
        <line num="13" count="33" type="stmt"/>
        <line num="17" count="46" type="stmt"/>
        <line num="20" count="46" type="cond" truecount="1" falsecount="0"/>
        <line num="21" count="38" type="stmt"/>
        <line num="26" count="38" type="cond" truecount="3" falsecount="0"/>
        <line num="27" count="3" type="stmt"/>
        <line num="32" count="43" type="stmt"/>
        <line num="38" count="43" type="stmt"/>
        <line num="41" count="43" type="stmt"/>
        <line num="51" count="43" type="stmt"/>
        <line num="53" count="43" type="stmt"/>
        <line num="60" count="43" type="cond" truecount="1" falsecount="0"/>
        <line num="61" count="30" type="cond" truecount="1" falsecount="0"/>
        <line num="62" count="29" type="stmt"/>
        <line num="73" count="43" type="stmt"/>
        <line num="74" count="43" type="stmt"/>
        <line num="76" count="43" type="stmt"/>
        <line num="84" count="15" type="stmt"/>
        <line num="101" count="2" type="stmt"/>
        <line num="102" count="2" type="stmt"/>
      </file>
    </package>
    <package name="governance.config">
      <metrics statements="4" coveredstatements="2" conditionals="6" coveredconditionals="0" methods="2" coveredmethods="0"/>
      <file name="audit.config.ts" path="C:\dev\cic\src\governance\config\audit.config.ts">
        <metrics statements="4" coveredstatements="2" conditionals="6" coveredconditionals="0" methods="2" coveredmethods="0"/>
        <line num="24" count="1" type="stmt"/>
        <line num="25" count="0" type="stmt"/>
        <line num="40" count="1" type="stmt"/>
        <line num="41" count="0" type="stmt"/>
      </file>
    </package>
    <package name="governance.lineage">
      <metrics statements="32" coveredstatements="31" conditionals="5" coveredconditionals="5" methods="14" coveredmethods="14"/>
      <file name="index.ts" path="C:\dev\cic\src\governance\lineage\index.ts">
        <metrics statements="32" coveredstatements="31" conditionals="5" coveredconditionals="5" methods="14" coveredmethods="14"/>
        <line num="8" count="2" type="stmt"/>
        <line num="9" count="28" type="stmt"/>
        <line num="12" count="29" type="stmt"/>
        <line num="14" count="29" type="stmt"/>
        <line num="30" count="11" type="stmt"/>
        <line num="35" count="19" type="stmt"/>
        <line num="42" count="3" type="stmt"/>
        <line num="43" count="3" type="stmt"/>
        <line num="45" count="3" type="cond" truecount="1" falsecount="0"/>
        <line num="46" count="1" type="stmt"/>
        <line num="47" count="1" type="stmt"/>
        <line num="50" count="3" type="stmt"/>
        <line num="51" count="3" type="stmt"/>
        <line num="65" count="6" type="stmt"/>
        <line num="67" count="6" type="stmt"/>
        <line num="68" count="6" type="stmt"/>
        <line num="69" count="6" type="stmt"/>
        <line num="70" count="6" type="stmt"/>
        <line num="72" count="6" type="stmt"/>
        <line num="73" count="6" type="stmt"/>
        <line num="75" count="6" type="stmt"/>
        <line num="76" count="6" type="stmt"/>
        <line num="78" count="6" type="cond" truecount="3" falsecount="0"/>
        <line num="79" count="5" type="stmt"/>
        <line num="88" count="6" type="stmt"/>
        <line num="97" count="19" type="stmt"/>
        <line num="98" count="19" type="cond" truecount="1" falsecount="0"/>
        <line num="99" count="19" type="stmt"/>
        <line num="100" count="19" type="stmt"/>
        <line num="101" count="19" type="stmt"/>
        <line num="111" count="0" type="stmt"/>
        <line num="115" count="19" type="stmt"/>
      </file>
    </package>
    <package name="governance.policies">
      <metrics statements="10" coveredstatements="10" conditionals="1" coveredconditionals="1" methods="4" coveredmethods="4"/>
      <file name="index.ts" path="C:\dev\cic\src\governance\policies\index.ts">
        <metrics statements="10" coveredstatements="10" conditionals="1" coveredconditionals="1" methods="4" coveredmethods="4"/>
        <line num="3" count="4" type="stmt"/>
        <line num="170" count="4" type="stmt"/>
        <line num="171" count="56" type="stmt"/>
        <line num="172" count="56" type="cond" truecount="1" falsecount="0"/>
        <line num="174" count="26" type="stmt"/>
        <line num="175" count="30" type="stmt"/>
        <line num="178" count="26" type="stmt"/>
        <line num="179" count="26" type="stmt"/>
        <line num="182" count="4" type="stmt"/>
        <line num="183" count="53" type="stmt"/>
      </file>
    </package>
  </project>
</coverage>
