{"C:\\dev\\cic\\src\\governance\\index.ts": {"path":"C:\\dev\\cic\\src\\governance\\index.ts","statementMap":{"0":{"start":{"line":3,"column":0},"end":{"line":3,"column":9}},"1":{"start":{"line":3,"column":9},"end":{"line":3,"column":21}},"2":{"start":{"line":3,"column":21},"end":{"line":3,"column":57}},"3":{"start":{"line":5,"column":0},"end":{"line":5,"column":9}},"4":{"start":{"line":5,"column":9},"end":{"line":5,"column":43}},"5":{"start":{"line":7,"column":0},"end":{"line":7,"column":9}},"6":{"start":{"line":7,"column":9},"end":{"line":7,"column":41}},"7":{"start":{"line":10,"column":0},"end":{"line":10,"column":9}},"8":{"start":{"line":10,"column":9},"end":{"line":10,"column":24}},"9":{"start":{"line":10,"column":24},"end":{"line":10,"column":44}},"10":{"start":{"line":10,"column":44},"end":{"line":10,"column":78}},"11":{"start":{"line":12,"column":0},"end":{"line":12,"column":9}},"12":{"start":{"line":12,"column":9},"end":{"line":12,"column":26}},"13":{"start":{"line":12,"column":26},"end":{"line":12,"column":79}},"14":{"start":{"line":16,"column":0},"end":{"line":16,"column":24}}},"fnMap":{"0":{"name":"(anonymous_4)","decl":{"start":{"line":3,"column":9},"end":{"line":3,"column":19}},"loc":{"start":{"line":3,"column":9},"end":{"line":3,"column":21}}},"1":{"name":"(anonymous_5)","decl":{"start":{"line":3,"column":21},"end":{"line":3,"column":39}},"loc":{"start":{"line":3,"column":21},"end":{"line":3,"column":57}}},"2":{"name":"(anonymous_6)","decl":{"start":{"line":5,"column":9},"end":{"line":5,"column":19}},"loc":{"start":{"line":5,"column":9},"end":{"line":5,"column":43}}},"3":{"name":"(anonymous_7)","decl":{"start":{"line":7,"column":9},"end":{"line":7,"column":21}},"loc":{"start":{"line":7,"column":9},"end":{"line":7,"column":41}}},"4":{"name":"(anonymous_8)","decl":{"start":{"line":10,"column":9},"end":{"line":10,"column":22}},"loc":{"start":{"line":10,"column":9},"end":{"line":10,"column":24}}},"5":{"name":"(anonymous_9)","decl":{"start":{"line":10,"column":24},"end":{"line":10,"column":42}},"loc":{"start":{"line":10,"column":24},"end":{"line":10,"column":44}}},"6":{"name":"(anonymous_10)","decl":{"start":{"line":10,"column":44},"end":{"line":10,"column":57}},"loc":{"start":{"line":10,"column":44},"end":{"line":10,"column":78}}},"7":{"name":"(anonymous_11)","decl":{"start":{"line":12,"column":9},"end":{"line":12,"column":24}},"loc":{"start":{"line":12,"column":9},"end":{"line":12,"column":26}}},"8":{"name":"(anonymous_12)","decl":{"start":{"line":12,"column":26},"end":{"line":12,"column":47}},"loc":{"start":{"line":12,"column":26},"end":{"line":12,"column":79}}}},"branchMap":{},"s":{"0":1,"1":19,"2":1,"3":1,"4":17,"5":1,"6":17,"7":1,"8":1,"9":1,"10":1,"11":1,"12":1,"13":1,"14":1},"f":{"0":18,"1":0,"2":16,"3":16,"4":0,"5":0,"6":0,"7":0,"8":0},"b":{}}
,"C:\\dev\\cic\\src\\governance\\types.ts": {"path":"C:\\dev\\cic\\src\\governance\\types.ts","statementMap":{"0":{"start":{"line":3,"column":0},"end":{"line":3,"column":25}},"1":{"start":{"line":4,"column":0},"end":{"line":4,"column":27}}},"fnMap":{},"branchMap":{},"s":{"0":1,"1":1},"f":{},"b":{}}
,"C:\\dev\\cic\\src\\governance\\audit\\cache.ts": {"path":"C:\\dev\\cic\\src\\governance\\audit\\cache.ts","statementMap":{"0":{"start":{"line":12,"column":22},"end":{"line":12,"column":40}},"1":{"start":{"line":10,"column":10},"end":{"line":10,"column":33}},"2":{"start":{"line":15,"column":4},"end":{"line":15,"column":58}},"3":{"start":{"line":26,"column":16},"end":{"line":26,"column":60}},"4":{"start":{"line":27,"column":19},"end":{"line":27,"column":44}},"5":{"start":{"line":29,"column":4},"end":{"line":29,"column":29}},"6":{"start":{"line":29,"column":17},"end":{"line":29,"column":29}},"7":{"start":{"line":31,"column":4},"end":{"line":46,"column":5}},"8":{"start":{"line":32,"column":19},"end":{"line":32,"column":76}},"9":{"start":{"line":33,"column":24},"end":{"line":33,"column":48}},"10":{"start":{"line":34,"column":18},"end":{"line":34,"column":28}},"11":{"start":{"line":35,"column":23},"end":{"line":35,"column":84}},"12":{"start":{"line":38,"column":42},"end":{"line":38,"column":46}},"13":{"start":{"line":39,"column":6},"end":{"line":42,"column":8}},"14":{"start":{"line":41,"column":23},"end":{"line":41,"column":35}},"15":{"start":{"line":44,"column":6},"end":{"line":44,"column":58}},"16":{"start":{"line":45,"column":6},"end":{"line":45,"column":18}},"17":{"start":{"line":50,"column":16},"end":{"line":50,"column":81}},"18":{"start":{"line":51,"column":17},"end":{"line":54,"column":6}},"19":{"start":{"line":56,"column":4},"end":{"line":61,"column":5}},"20":{"start":{"line":57,"column":6},"end":{"line":57,"column":66}},"21":{"start":{"line":59,"column":6},"end":{"line":59,"column":58}},"22":{"start":{"line":65,"column":16},"end":{"line":65,"column":60}},"23":{"start":{"line":66,"column":4},"end":{"line":70,"column":5}},"24":{"start":{"line":67,"column":6},"end":{"line":67,"column":32}},"25":{"start":{"line":69,"column":6},"end":{"line":69,"column":56}},"26":{"start":{"line":74,"column":4},"end":{"line":74,"column":35}},"27":{"start":{"line":9,"column":0},"end":{"line":9,"column":13}}},"fnMap":{"0":{"name":"(anonymous_0)","decl":{"start":{"line":12,"column":2},"end":{"line":12,"column":22}},"loc":{"start":{"line":12,"column":40},"end":{"line":12,"column":44}}},"1":{"name":"(anonymous_1)","decl":{"start":{"line":14,"column":2},"end":{"line":14,"column":8}},"loc":{"start":{"line":14,"column":64},"end":{"line":16,"column":3}}},"2":{"name":"(anonymous_2)","decl":{"start":{"line":18,"column":2},"end":{"line":18,"column":7}},"loc":{"start":{"line":21,"column":25},"end":{"line":47,"column":3}}},"3":{"name":"(anonymous_3)","decl":{"start":{"line":41,"column":17},"end":{"line":41,"column":20}},"loc":{"start":{"line":41,"column":23},"end":{"line":41,"column":35}}},"4":{"name":"(anonymous_4)","decl":{"start":{"line":49,"column":2},"end":{"line":49,"column":7}},"loc":{"start":{"line":49,"column":54},"end":{"line":62,"column":3}}},"5":{"name":"(anonymous_5)","decl":{"start":{"line":64,"column":2},"end":{"line":64,"column":7}},"loc":{"start":{"line":64,"column":74},"end":{"line":71,"column":3}}},"6":{"name":"(anonymous_6)","decl":{"start":{"line":73,"column":2},"end":{"line":73,"column":8}},"loc":{"start":{"line":73,"column":21},"end":{"line":75,"column":3}}}},"branchMap":{"0":{"loc":{"start":{"line":29,"column":4},"end":{"line":29,"column":29}},"type":"if","locations":[{"start":{"line":29,"column":4},"end":{"line":29,"column":29}}]}},"s":{"0":39,"1":39,"2":95,"3":45,"4":45,"5":45,"6":37,"7":8,"8":8,"9":7,"10":7,"11":7,"12":7,"13":7,"14":4,"15":1,"16":1,"17":48,"18":48,"19":48,"20":48,"21":0,"22":1,"23":1,"24":1,"25":0,"26":1,"27":3},"f":{"0":39,"1":95,"2":45,"3":4,"4":48,"5":1,"6":1},"b":{"0":[37]}}
,"C:\\dev\\cic\\src\\governance\\audit\\deterministic.ts": {"path":"C:\\dev\\cic\\src\\governance\\audit\\deterministic.ts","statementMap":{"0":{"start":{"line":4,"column":10},"end":{"line":4,"column":62}},"1":{"start":{"line":8,"column":4},"end":{"line":8,"column":27}},"2":{"start":{"line":13,"column":20},"end":{"line":13,"column":37}},"3":{"start":{"line":25,"column":43},"end":{"line":25,"column":45}},"4":{"start":{"line":26,"column":38},"end":{"line":26,"column":40}},"5":{"start":{"line":28,"column":4},"end":{"line":39,"column":5}},"6":{"start":{"line":29,"column":6},"end":{"line":29,"column":48}},"7":{"start":{"line":29,"column":39},"end":{"line":29,"column":48}},"8":{"start":{"line":31,"column":22},"end":{"line":31,"column":57}},"9":{"start":{"line":32,"column":6},"end":{"line":32,"column":29}},"10":{"start":{"line":32,"column":20},"end":{"line":32,"column":29}},"11":{"start":{"line":34,"column":6},"end":{"line":38,"column":7}},"12":{"start":{"line":35,"column":8},"end":{"line":35,"column":32}},"13":{"start":{"line":37,"column":8},"end":{"line":37,"column":27}},"14":{"start":{"line":41,"column":4},"end":{"line":41,"column":33}},"15":{"start":{"line":45,"column":18},"end":{"line":45,"column":44}},"16":{"start":{"line":46,"column":4},"end":{"line":46,"column":29}},"17":{"start":{"line":46,"column":16},"end":{"line":46,"column":29}},"18":{"start":{"line":48,"column":4},"end":{"line":58,"column":5}},"19":{"start":{"line":49,"column":6},"end":{"line":57,"column":9}},"20":{"start":{"line":50,"column":8},"end":{"line":56,"column":9}},"21":{"start":{"line":51,"column":24},"end":{"line":51,"column":48}},"22":{"start":{"line":52,"column":10},"end":{"line":52,"column":37}},"23":{"start":{"line":54,"column":10},"end":{"line":54,"column":84}},"24":{"start":{"line":55,"column":10},"end":{"line":55,"column":23}},"25":{"start":{"line":60,"column":4},"end":{"line":82,"column":5}},"26":{"start":{"line":62,"column":6},"end":{"line":72,"column":7}},"27":{"start":{"line":63,"column":8},"end":{"line":71,"column":9}},"28":{"start":{"line":64,"column":23},"end":{"line":64,"column":42}},"29":{"start":{"line":65,"column":33},"end":{"line":65,"column":93}},"30":{"start":{"line":66,"column":32},"end":{"line":66,"column":74}},"31":{"start":{"line":66,"column":61},"end":{"line":66,"column":73}},"32":{"start":{"line":67,"column":10},"end":{"line":67,"column":42}},"33":{"start":{"line":70,"column":10},"end":{"line":70,"column":23}},"34":{"start":{"line":75,"column":6},"end":{"line":81,"column":8}},"35":{"start":{"line":77,"column":10},"end":{"line":80,"column":42}},"36":{"start":{"line":85,"column":4},"end":{"line":88,"column":5}},"37":{"start":{"line":86,"column":6},"end":{"line":86,"column":85}},"38":{"start":{"line":87,"column":6},"end":{"line":87,"column":19}},"39":{"start":{"line":90,"column":4},"end":{"line":90,"column":17}},"40":{"start":{"line":3,"column":0},"end":{"line":3,"column":13}}},"fnMap":{"0":{"name":"(anonymous_0)","decl":{"start":{"line":6,"column":2},"end":{"line":6,"column":null}},"loc":{"start":{"line":6,"column":2},"end":{"line":9,"column":3}}},"1":{"name":"(anonymous_1)","decl":{"start":{"line":11,"column":10},"end":{"line":11,"column":25}},"loc":{"start":{"line":11,"column":25},"end":{"line":16,"column":3}}},"2":{"name":"(anonymous_2)","decl":{"start":{"line":18,"column":2},"end":{"line":18,"column":7}},"loc":{"start":{"line":20,"column":32},"end":{"line":42,"column":3}}},"3":{"name":"(anonymous_3)","decl":{"start":{"line":44,"column":10},"end":{"line":44,"column":18}},"loc":{"start":{"line":44,"column":60},"end":{"line":91,"column":3}}},"4":{"name":"(anonymous_4)","decl":{"start":{"line":49,"column":33},"end":{"line":49,"column":34}},"loc":{"start":{"line":49,"column":45},"end":{"line":57,"column":7}}},"5":{"name":"(anonymous_5)","decl":{"start":{"line":66,"column":54},"end":{"line":66,"column":55}},"loc":{"start":{"line":66,"column":61},"end":{"line":66,"column":73}}},"6":{"name":"(anonymous_6)","decl":{"start":{"line":76,"column":8},"end":{"line":76,"column":9}},"loc":{"start":{"line":77,"column":10},"end":{"line":80,"column":42}}}},"branchMap":{"0":{"loc":{"start":{"line":29,"column":6},"end":{"line":29,"column":48}},"type":"if","locations":[{"start":{"line":29,"column":6},"end":{"line":29,"column":48}}]},"1":{"loc":{"start":{"line":32,"column":6},"end":{"line":32,"column":29}},"type":"if","locations":[{"start":{"line":32,"column":6},"end":{"line":32,"column":29}}]},"2":{"loc":{"start":{"line":34,"column":6},"end":{"line":38,"column":7}},"type":"if","locations":[{"start":{"line":34,"column":6},"end":{"line":38,"column":7}},{"start":{"line":36,"column":13},"end":{"line":38,"column":7}}]},"3":{"loc":{"start":{"line":46,"column":4},"end":{"line":46,"column":29}},"type":"if","locations":[{"start":{"line":46,"column":4},"end":{"line":46,"column":29}}]},"4":{"loc":{"start":{"line":48,"column":4},"end":{"line":58,"column":5}},"type":"if","locations":[{"start":{"line":48,"column":4},"end":{"line":58,"column":5}}]},"5":{"loc":{"start":{"line":60,"column":4},"end":{"line":82,"column":5}},"type":"if","locations":[{"start":{"line":60,"column":4},"end":{"line":82,"column":5}}]},"6":{"loc":{"start":{"line":62,"column":6},"end":{"line":72,"column":7}},"type":"if","locations":[{"start":{"line":62,"column":6},"end":{"line":72,"column":7}}]},"7":{"loc":{"start":{"line":77,"column":10},"end":{"line":80,"column":42}},"type":"binary-expr","locations":[{"start":{"line":77,"column":10},"end":{"line":77,"column":42}},{"start":{"line":78,"column":10},"end":{"line":78,"column":42}},{"start":{"line":79,"column":10},"end":{"line":79,"column":42}},{"start":{"line":80,"column":10},"end":{"line":80,"column":42}}]},"8":{"loc":{"start":{"line":85,"column":4},"end":{"line":88,"column":5}},"type":"if","locations":[{"start":{"line":85,"column":4},"end":{"line":88,"column":5}}]}},"s":{"0":48,"1":48,"2":48,"3":58,"4":58,"5":58,"6":456,"7":228,"8":228,"9":228,"10":204,"11":24,"12":22,"13":2,"14":58,"15":228,"16":228,"17":0,"18":228,"19":171,"20":599,"21":599,"22":599,"23":0,"24":0,"25":57,"26":57,"27":57,"28":57,"29":3,"30":3,"31":15,"32":3,"33":54,"34":0,"35":0,"36":0,"37":0,"38":0,"39":0,"40":3},"f":{"0":48,"1":48,"2":58,"3":228,"4":599,"5":15,"6":0},"b":{"0":[228],"1":[204],"2":[22,2],"3":[0],"4":[171],"5":[57],"6":[57],"7":[0,0,0,0],"8":[0]}}
,"C:\\dev\\cic\\src\\governance\\audit\\index.ts": {"path":"C:\\dev\\cic\\src\\governance\\audit\\index.ts","statementMap":{"0":{"start":{"line":2,"column":0},"end":{"line":2,"column":64}},"1":{"start":{"line":3,"column":0},"end":{"line":3,"column":9}},"2":{"start":{"line":101,"column":9},"end":{"line":3,"column":53}},"3":{"start":{"line":4,"column":0},"end":{"line":4,"column":9}},"4":{"start":{"line":102,"column":9},"end":{"line":4,"column":37}},"5":{"start":{"line":10,"column":12},"end":{"line":10,"column":29}},"6":{"start":{"line":11,"column":12},"end":{"line":11,"column":36}},"7":{"start":{"line":13,"column":4},"end":{"line":13,"column":50}},"8":{"start":{"line":17,"column":22},"end":{"line":17,"column":32}},"9":{"start":{"line":20,"column":4},"end":{"line":29,"column":5}},"10":{"start":{"line":21,"column":21},"end":{"line":24,"column":null}},"11":{"start":{"line":26,"column":6},"end":{"line":28,"column":7}},"12":{"start":{"line":27,"column":8},"end":{"line":27,"column":29}},"13":{"start":{"line":32,"column":34},"end":{"line":34,"column":null}},"14":{"start":{"line":38,"column":20},"end":{"line":38,"column":60}},"15":{"start":{"line":41,"column":19},"end":{"line":47,"column":null}},"16":{"start":{"line":51,"column":4},"end":{"line":51,"column":53}},"17":{"start":{"line":53,"column":4},"end":{"line":53,"column":18}},"18":{"start":{"line":60,"column":4},"end":{"line":60,"column":45}},"19":{"start":{"line":60,"column":31},"end":{"line":60,"column":45}},"20":{"start":{"line":61,"column":4},"end":{"line":61,"column":40}},"21":{"start":{"line":61,"column":26},"end":{"line":61,"column":40}},"22":{"start":{"line":62,"column":4},"end":{"line":62,"column":18}},"23":{"start":{"line":73,"column":26},"end":{"line":73,"column":51}},"24":{"start":{"line":74,"column":23},"end":{"line":74,"column":56}},"25":{"start":{"line":76,"column":4},"end":{"line":97,"column":6}},"26":{"start":{"line":84,"column":53},"end":{"line":89,"column":8}},"27":{"start":{"line":6,"column":0},"end":{"line":6,"column":13}}},"fnMap":{"0":{"name":"(anonymous_0)","decl":{"start":{"line":101,"column":9},"end":{"line":101,"column":27}},"loc":{"start":{"line":101,"column":9},"end":{"line":3,"column":53}}},"1":{"name":"(anonymous_1)","decl":{"start":{"line":102,"column":9},"end":{"line":102,"column":19}},"loc":{"start":{"line":102,"column":9},"end":{"line":4,"column":37}}},"2":{"name":"(anonymous_2)","decl":{"start":{"line":9,"column":2},"end":{"line":9,"column":null}},"loc":{"start":{"line":11,"column":41},"end":{"line":14,"column":3}}},"3":{"name":"(anonymous_3)","decl":{"start":{"line":16,"column":2},"end":{"line":16,"column":7}},"loc":{"start":{"line":16,"column":50},"end":{"line":54,"column":3}}},"4":{"name":"(anonymous_4)","decl":{"start":{"line":56,"column":10},"end":{"line":56,"column":26}},"loc":{"start":{"line":58,"column":31},"end":{"line":63,"column":3}}},"5":{"name":"(anonymous_5)","decl":{"start":{"line":65,"column":10},"end":{"line":65,"column":26}},"loc":{"start":{"line":71,"column":23},"end":{"line":98,"column":3}}},"6":{"name":"(anonymous_6)","decl":{"start":{"line":84,"column":45},"end":{"line":84,"column":46}},"loc":{"start":{"line":84,"column":53},"end":{"line":89,"column":8}}}},"branchMap":{"0":{"loc":{"start":{"line":11,"column":12},"end":{"line":11,"column":41}},"type":"default-arg","locations":[{"start":{"line":11,"column":36},"end":{"line":11,"column":41}}]},"1":{"loc":{"start":{"line":20,"column":4},"end":{"line":29,"column":5}},"type":"if","locations":[{"start":{"line":20,"column":4},"end":{"line":29,"column":5}}]},"2":{"loc":{"start":{"line":26,"column":6},"end":{"line":28,"column":7}},"type":"if","locations":[{"start":{"line":26,"column":6},"end":{"line":28,"column":7}}]},"3":{"loc":{"start":{"line":26,"column":10},"end":{"line":26,"column":37}},"type":"binary-expr","locations":[{"start":{"line":26,"column":10},"end":{"line":26,"column":16}},{"start":{"line":26,"column":20},"end":{"line":26,"column":37}}]},"4":{"loc":{"start":{"line":60,"column":4},"end":{"line":60,"column":45}},"type":"if","locations":[{"start":{"line":60,"column":4},"end":{"line":60,"column":45}}]},"5":{"loc":{"start":{"line":61,"column":4},"end":{"line":61,"column":40}},"type":"if","locations":[{"start":{"line":61,"column":4},"end":{"line":61,"column":40}}]},"6":{"loc":{"start":{"line":87,"column":20},"end":{"line":87,"column":57}},"type":"binary-expr","locations":[{"start":{"line":87,"column":20},"end":{"line":87,"column":47}},{"start":{"line":87,"column":51},"end":{"line":87,"column":57}}]}},"s":{"0":2,"1":2,"2":2,"3":2,"4":2,"5":33,"6":33,"7":33,"8":46,"9":46,"10":38,"11":38,"12":3,"13":43,"14":43,"15":43,"16":43,"17":43,"18":43,"19":13,"20":30,"21":1,"22":29,"23":43,"24":43,"25":43,"26":15,"27":2},"f":{"0":0,"1":0,"2":33,"3":46,"4":43,"5":43,"6":15},"b":{"0":[0],"1":[38],"2":[3],"3":[38,3],"4":[13],"5":[1],"6":[15,0]}}
,"C:\\dev\\cic\\src\\governance\\config\\audit.config.ts": {"path":"C:\\dev\\cic\\src\\governance\\config\\audit.config.ts","statementMap":{"0":{"start":{"line":24,"column":0},"end":{"line":24,"column":16}},"1":{"start":{"line":40,"column":0},"end":{"line":40,"column":16}},"2":{"start":{"line":25,"column":2},"end":{"line":37,"column":4}},"3":{"start":{"line":41,"column":2},"end":{"line":53,"column":4}}},"fnMap":{"0":{"name":"loadAuditConfig","decl":{"start":{"line":24,"column":16},"end":{"line":24,"column":31}},"loc":{"start":{"line":24,"column":31},"end":{"line":38,"column":1}}},"1":{"name":"getDefaultAuditConfig","decl":{"start":{"line":40,"column":16},"end":{"line":40,"column":37}},"loc":{"start":{"line":40,"column":37},"end":{"line":54,"column":1}}}},"branchMap":{"0":{"loc":{"start":{"line":26,"column":29},"end":{"line":26,"column":68}},"type":"binary-expr","locations":[{"start":{"line":26,"column":29},"end":{"line":26,"column":61}},{"start":{"line":26,"column":65},"end":{"line":26,"column":68}}]},"1":{"loc":{"start":{"line":30,"column":12},"end":{"line":30,"column":71}},"type":"binary-expr","locations":[{"start":{"line":30,"column":12},"end":{"line":30,"column":49}},{"start":{"line":30,"column":53},"end":{"line":30,"column":71}}]},"2":{"loc":{"start":{"line":31,"column":14},"end":{"line":31,"column":74}},"type":"binary-expr","locations":[{"start":{"line":31,"column":14},"end":{"line":31,"column":53}},{"start":{"line":31,"column":57},"end":{"line":31,"column":74}}]}},"s":{"0":1,"1":1,"2":0,"3":0},"f":{"0":0,"1":0},"b":{"0":[0,0],"1":[0,0],"2":[0,0]}}
,"C:\\dev\\cic\\src\\governance\\lineage\\index.ts": {"path":"C:\\dev\\cic\\src\\governance\\lineage\\index.ts","statementMap":{"0":{"start":{"line":9,"column":22},"end":{"line":9,"column":34}},"1":{"start":{"line":12,"column":22},"end":{"line":12,"column":63}},"2":{"start":{"line":12,"column":58},"end":{"line":12,"column":62}},"3":{"start":{"line":14,"column":4},"end":{"line":26,"column":7}},"4":{"start":{"line":30,"column":17},"end":{"line":32,"column":null}},"5":{"start":{"line":35,"column":4},"end":{"line":35,"column":57}},"6":{"start":{"line":35,"column":29},"end":{"line":35,"column":55}},"7":{"start":{"line":42,"column":16},"end":{"line":42,"column":93}},"8":{"start":{"line":43,"column":30},"end":{"line":43,"column":47}},"9":{"start":{"line":45,"column":4},"end":{"line":48,"column":5}},"10":{"start":{"line":46,"column":6},"end":{"line":46,"column":54}},"11":{"start":{"line":47,"column":6},"end":{"line":47,"column":50}},"12":{"start":{"line":50,"column":17},"end":{"line":50,"column":51}},"13":{"start":{"line":51,"column":4},"end":{"line":51,"column":49}},"14":{"start":{"line":51,"column":27},"end":{"line":51,"column":47}},"15":{"start":{"line":65,"column":18},"end":{"line":65,"column":51}},"16":{"start":{"line":67,"column":27},"end":{"line":67,"column":29}},"17":{"start":{"line":68,"column":4},"end":{"line":86,"column":5}},"18":{"start":{"line":68,"column":17},"end":{"line":68,"column":18}},"19":{"start":{"line":69,"column":19},"end":{"line":69,"column":31}},"20":{"start":{"line":70,"column":19},"end":{"line":70,"column":27}},"21":{"start":{"line":72,"column":28},"end":{"line":72,"column":77}},"22":{"start":{"line":72,"column":71},"end":{"line":72,"column":75}},"23":{"start":{"line":73,"column":28},"end":{"line":73,"column":77}},"24":{"start":{"line":73,"column":71},"end":{"line":73,"column":75}},"25":{"start":{"line":75,"column":20},"end":{"line":75,"column":75}},"26":{"start":{"line":75,"column":53},"end":{"line":75,"column":74}},"27":{"start":{"line":76,"column":22},"end":{"line":76,"column":77}},"28":{"start":{"line":76,"column":55},"end":{"line":76,"column":76}},"29":{"start":{"line":78,"column":6},"end":{"line":85,"column":7}},"30":{"start":{"line":79,"column":8},"end":{"line":84,"column":11}},"31":{"start":{"line":88,"column":4},"end":{"line":91,"column":6}},"32":{"start":{"line":97,"column":29},"end":{"line":97,"column":31}},"33":{"start":{"line":98,"column":4},"end":{"line":113,"column":5}},"34":{"start":{"line":99,"column":6},"end":{"line":112,"column":7}},"35":{"start":{"line":100,"column":26},"end":{"line":100,"column":70}},"36":{"start":{"line":101,"column":8},"end":{"line":108,"column":12}},"37":{"start":{"line":101,"column":60},"end":{"line":108,"column":10}},"38":{"start":{"line":111,"column":8},"end":{"line":111,"column":32}},"39":{"start":{"line":115,"column":4},"end":{"line":129,"column":6}},"40":{"start":{"line":8,"column":0},"end":{"line":8,"column":13}}},"fnMap":{"0":{"name":"(anonymous_0)","decl":{"start":{"line":9,"column":2},"end":{"line":9,"column":22}},"loc":{"start":{"line":9,"column":34},"end":{"line":9,"column":38}}},"1":{"name":"(anonymous_1)","decl":{"start":{"line":11,"column":2},"end":{"line":11,"column":7}},"loc":{"start":{"line":11,"column":71},"end":{"line":27,"column":3}}},"2":{"name":"(anonymous_2)","decl":{"start":{"line":12,"column":51},"end":{"line":12,"column":52}},"loc":{"start":{"line":12,"column":58},"end":{"line":12,"column":62}}},"3":{"name":"(anonymous_3)","decl":{"start":{"line":29,"column":2},"end":{"line":29,"column":7}},"loc":{"start":{"line":29,"column":37},"end":{"line":36,"column":3}}},"4":{"name":"(anonymous_4)","decl":{"start":{"line":35,"column":20},"end":{"line":35,"column":21}},"loc":{"start":{"line":35,"column":29},"end":{"line":35,"column":55}}},"5":{"name":"(anonymous_5)","decl":{"start":{"line":38,"column":2},"end":{"line":38,"column":7}},"loc":{"start":{"line":40,"column":48},"end":{"line":52,"column":3}}},"6":{"name":"(anonymous_6)","decl":{"start":{"line":51,"column":20},"end":{"line":51,"column":21}},"loc":{"start":{"line":51,"column":27},"end":{"line":51,"column":47}}},"7":{"name":"(anonymous_7)","decl":{"start":{"line":54,"column":2},"end":{"line":54,"column":7}},"loc":{"start":{"line":55,"column":19},"end":{"line":92,"column":3}}},"8":{"name":"(anonymous_8)","decl":{"start":{"line":72,"column":64},"end":{"line":72,"column":65}},"loc":{"start":{"line":72,"column":71},"end":{"line":72,"column":75}}},"9":{"name":"(anonymous_9)","decl":{"start":{"line":73,"column":64},"end":{"line":73,"column":65}},"loc":{"start":{"line":73,"column":71},"end":{"line":73,"column":75}}},"10":{"name":"(anonymous_10)","decl":{"start":{"line":75,"column":46},"end":{"line":75,"column":47}},"loc":{"start":{"line":75,"column":53},"end":{"line":75,"column":74}}},"11":{"name":"(anonymous_11)","decl":{"start":{"line":76,"column":48},"end":{"line":76,"column":49}},"loc":{"start":{"line":76,"column":55},"end":{"line":76,"column":76}}},"12":{"name":"(anonymous_12)","decl":{"start":{"line":94,"column":10},"end":{"line":94,"column":26}},"loc":{"start":{"line":94,"column":55},"end":{"line":130,"column":3}}},"13":{"name":"(anonymous_13)","decl":{"start":{"line":101,"column":43},"end":{"line":101,"column":44}},"loc":{"start":{"line":101,"column":60},"end":{"line":108,"column":10}}}},"branchMap":{"0":{"loc":{"start":{"line":45,"column":4},"end":{"line":48,"column":5}},"type":"if","locations":[{"start":{"line":45,"column":4},"end":{"line":48,"column":5}}]},"1":{"loc":{"start":{"line":78,"column":6},"end":{"line":85,"column":7}},"type":"if","locations":[{"start":{"line":78,"column":6},"end":{"line":85,"column":7}}]},"2":{"loc":{"start":{"line":78,"column":10},"end":{"line":78,"column":48}},"type":"binary-expr","locations":[{"start":{"line":78,"column":10},"end":{"line":78,"column":26}},{"start":{"line":78,"column":30},"end":{"line":78,"column":48}}]},"3":{"loc":{"start":{"line":98,"column":4},"end":{"line":113,"column":5}},"type":"if","locations":[{"start":{"line":98,"column":4},"end":{"line":113,"column":5}}]}},"s":{"0":28,"1":29,"2":13,"3":29,"4":11,"5":11,"6":19,"7":3,"8":3,"9":3,"10":1,"11":1,"12":3,"13":3,"14":3,"15":6,"16":6,"17":6,"18":6,"19":6,"20":6,"21":6,"22":1,"23":6,"24":4,"25":6,"26":4,"27":6,"28":1,"29":6,"30":5,"31":6,"32":19,"33":19,"34":19,"35":19,"36":19,"37":7,"38":0,"39":19,"40":2},"f":{"0":28,"1":29,"2":13,"3":11,"4":19,"5":3,"6":3,"7":6,"8":1,"9":4,"10":4,"11":1,"12":19,"13":7},"b":{"0":[1],"1":[5],"2":[6,2],"3":[19]}}
,"C:\\dev\\cic\\src\\governance\\policies\\index.ts": {"path":"C:\\dev\\cic\\src\\governance\\policies\\index.ts","statementMap":{"0":{"start":{"line":170,"column":0},"end":{"line":170,"column":16}},"1":{"start":{"line":182,"column":0},"end":{"line":182,"column":16}},"2":{"start":{"line":3,"column":13},"end":{"line":168,"column":2}},"3":{"start":{"line":171,"column":26},"end":{"line":171,"column":59}},"4":{"start":{"line":172,"column":2},"end":{"line":172,"column":38}},"5":{"start":{"line":172,"column":29},"end":{"line":172,"column":38}},"6":{"start":{"line":174,"column":14},"end":{"line":176,"column":null}},"7":{"start":{"line":175,"column":16},"end":{"line":175,"column":49}},"8":{"start":{"line":178,"column":22},"end":{"line":178,"column":42}},"9":{"start":{"line":179,"column":2},"end":{"line":179,"column":62}},"10":{"start":{"line":183,"column":2},"end":{"line":183,"column":48}},"11":{"start":{"line":183,"column":35},"end":{"line":183,"column":46}}},"fnMap":{"0":{"name":"calculateRiskScore","decl":{"start":{"line":170,"column":16},"end":{"line":170,"column":34}},"loc":{"start":{"line":170,"column":63},"end":{"line":180,"column":1}}},"1":{"name":"(anonymous_1)","decl":{"start":{"line":175,"column":4},"end":{"line":175,"column":5}},"loc":{"start":{"line":175,"column":16},"end":{"line":175,"column":49}}},"2":{"name":"getPolicyById","decl":{"start":{"line":182,"column":16},"end":{"line":182,"column":29}},"loc":{"start":{"line":182,"column":40},"end":{"line":184,"column":1}}},"3":{"name":"(anonymous_3)","decl":{"start":{"line":183,"column":28},"end":{"line":183,"column":29}},"loc":{"start":{"line":183,"column":35},"end":{"line":183,"column":46}}}},"branchMap":{"0":{"loc":{"start":{"line":172,"column":2},"end":{"line":172,"column":38}},"type":"if","locations":[{"start":{"line":172,"column":2},"end":{"line":172,"column":38}}]}},"s":{"0":4,"1":4,"2":4,"3":56,"4":56,"5":30,"6":26,"7":30,"8":26,"9":26,"10":12,"11":53},"f":{"0":56,"1":30,"2":12,"3":53},"b":{"0":[30]}}
}
