TN:
SF:src\governance\index.ts
FN:3,(anonymous_4)
FN:3,(anonymous_5)
FN:5,(anonymous_6)
FN:7,(anonymous_7)
FN:10,(anonymous_8)
FN:10,(anonymous_9)
FN:10,(anonymous_10)
FN:12,(anonymous_11)
FN:12,(anonymous_12)
FNF:9
FNH:3
FNDA:18,(anonymous_4)
FNDA:0,(anonymous_5)
FNDA:16,(anonymous_6)
FNDA:16,(anonymous_7)
FNDA:0,(anonymous_8)
FNDA:0,(anonymous_9)
FNDA:0,(anonymous_10)
FNDA:0,(anonymous_11)
FNDA:0,(anonymous_12)
DA:3,19
DA:5,17
DA:7,17
DA:10,1
DA:12,1
DA:16,1
LF:6
LH:6
BRF:0
BRH:0
end_of_record
TN:
SF:src\governance\types.ts
FNF:0
FNH:0
DA:3,1
DA:4,1
LF:2
LH:2
BRF:0
BRH:0
end_of_record
TN:
SF:src\governance\audit\cache.ts
FN:12,(anonymous_0)
FN:14,(anonymous_1)
FN:18,(anonymous_2)
FN:41,(anonymous_3)
FN:49,(anonymous_4)
FN:64,(anonymous_5)
FN:73,(anonymous_6)
FNF:7
FNH:7
FNDA:39,(anonymous_0)
FNDA:95,(anonymous_1)
FNDA:45,(anonymous_2)
FNDA:4,(anonymous_3)
FNDA:48,(anonymous_4)
FNDA:1,(anonymous_5)
FNDA:1,(anonymous_6)
DA:9,3
DA:10,39
DA:12,39
DA:15,95
DA:26,45
DA:27,45
DA:29,45
DA:31,8
DA:32,8
DA:33,7
DA:34,7
DA:35,7
DA:38,7
DA:39,7
DA:41,4
DA:44,1
DA:45,1
DA:50,48
DA:51,48
DA:56,48
DA:57,48
DA:59,0
DA:65,1
DA:66,1
DA:67,1
DA:69,0
DA:74,1
LF:27
LH:25
BRDA:29,0,0,37
BRF:1
BRH:1
end_of_record
TN:
SF:src\governance\audit\deterministic.ts
FN:6,(anonymous_0)
FN:11,(anonymous_1)
FN:18,(anonymous_2)
FN:44,(anonymous_3)
FN:49,(anonymous_4)
FN:66,(anonymous_5)
FN:76,(anonymous_6)
FNF:7
FNH:6
FNDA:48,(anonymous_0)
FNDA:48,(anonymous_1)
FNDA:58,(anonymous_2)
FNDA:228,(anonymous_3)
FNDA:599,(anonymous_4)
FNDA:15,(anonymous_5)
FNDA:0,(anonymous_6)
DA:3,3
DA:4,48
DA:8,48
DA:13,48
DA:25,58
DA:26,58
DA:28,58
DA:29,456
DA:31,228
DA:32,228
DA:34,24
DA:35,22
DA:37,2
DA:41,58
DA:45,228
DA:46,228
DA:48,228
DA:49,171
DA:50,599
DA:51,599
DA:52,599
DA:54,0
DA:55,0
DA:60,57
DA:62,57
DA:63,57
DA:64,57
DA:65,3
DA:66,15
DA:67,3
DA:70,54
DA:75,0
DA:77,0
DA:85,0
DA:86,0
DA:87,0
DA:90,0
LF:37
LH:29
BRDA:29,0,0,228
BRDA:32,1,0,204
BRDA:34,2,0,22
BRDA:34,2,1,2
BRDA:46,3,0,0
BRDA:48,4,0,171
BRDA:60,5,0,57
BRDA:62,6,0,57
BRDA:77,7,0,0
BRDA:77,7,1,0
BRDA:77,7,2,0
BRDA:77,7,3,0
BRDA:85,8,0,0
BRF:13
BRH:7
end_of_record
TN:
SF:src\governance\audit\index.ts
FN:101,(anonymous_0)
FN:102,(anonymous_1)
FN:9,(anonymous_2)
FN:16,(anonymous_3)
FN:56,(anonymous_4)
FN:65,(anonymous_5)
FN:84,(anonymous_6)
FNF:7
FNH:5
FNDA:0,(anonymous_0)
FNDA:0,(anonymous_1)
FNDA:33,(anonymous_2)
FNDA:46,(anonymous_3)
FNDA:43,(anonymous_4)
FNDA:43,(anonymous_5)
FNDA:15,(anonymous_6)
DA:2,2
DA:3,2
DA:4,2
DA:6,2
DA:10,33
DA:11,33
DA:13,33
DA:17,46
DA:20,46
DA:21,38
DA:26,38
DA:27,3
DA:32,43
DA:38,43
DA:41,43
DA:51,43
DA:53,43
DA:60,43
DA:61,30
DA:62,29
DA:73,43
DA:74,43
DA:76,43
DA:84,15
DA:101,2
DA:102,2
LF:26
LH:26
BRDA:11,0,0,0
BRDA:20,1,0,38
BRDA:26,2,0,3
BRDA:26,3,0,38
BRDA:26,3,1,3
BRDA:60,4,0,13
BRDA:61,5,0,1
BRDA:87,6,0,15
BRDA:87,6,1,0
BRF:9
BRH:7
end_of_record
TN:
SF:src\governance\config\audit.config.ts
FN:24,loadAuditConfig
FN:40,getDefaultAuditConfig
FNF:2
FNH:0
FNDA:0,loadAuditConfig
FNDA:0,getDefaultAuditConfig
DA:24,1
DA:25,0
DA:40,1
DA:41,0
LF:4
LH:2
BRDA:26,0,0,0
BRDA:26,0,1,0
BRDA:30,1,0,0
BRDA:30,1,1,0
BRDA:31,2,0,0
BRDA:31,2,1,0
BRF:6
BRH:0
end_of_record
TN:
SF:src\governance\lineage\index.ts
FN:9,(anonymous_0)
FN:11,(anonymous_1)
FN:12,(anonymous_2)
FN:29,(anonymous_3)
FN:35,(anonymous_4)
FN:38,(anonymous_5)
FN:51,(anonymous_6)
FN:54,(anonymous_7)
FN:72,(anonymous_8)
FN:73,(anonymous_9)
FN:75,(anonymous_10)
FN:76,(anonymous_11)
FN:94,(anonymous_12)
FN:101,(anonymous_13)
FNF:14
FNH:14
FNDA:28,(anonymous_0)
FNDA:29,(anonymous_1)
FNDA:13,(anonymous_2)
FNDA:11,(anonymous_3)
FNDA:19,(anonymous_4)
FNDA:3,(anonymous_5)
FNDA:3,(anonymous_6)
FNDA:6,(anonymous_7)
FNDA:1,(anonymous_8)
FNDA:4,(anonymous_9)
FNDA:4,(anonymous_10)
FNDA:1,(anonymous_11)
FNDA:19,(anonymous_12)
FNDA:7,(anonymous_13)
DA:8,2
DA:9,28
DA:12,29
DA:14,29
DA:30,11
DA:35,19
DA:42,3
DA:43,3
DA:45,3
DA:46,1
DA:47,1
DA:50,3
DA:51,3
DA:65,6
DA:67,6
DA:68,6
DA:69,6
DA:70,6
DA:72,6
DA:73,6
DA:75,6
DA:76,6
DA:78,6
DA:79,5
DA:88,6
DA:97,19
DA:98,19
DA:99,19
DA:100,19
DA:101,19
DA:111,0
DA:115,19
LF:32
LH:31
BRDA:45,0,0,1
BRDA:78,1,0,5
BRDA:78,2,0,6
BRDA:78,2,1,2
BRDA:98,3,0,19
BRF:5
BRH:5
end_of_record
TN:
SF:src\governance\policies\index.ts
FN:170,calculateRiskScore
FN:175,(anonymous_1)
FN:182,getPolicyById
FN:183,(anonymous_3)
FNF:4
FNH:4
FNDA:56,calculateRiskScore
FNDA:30,(anonymous_1)
FNDA:12,getPolicyById
FNDA:53,(anonymous_3)
DA:3,4
DA:170,4
DA:171,56
DA:172,56
DA:174,26
DA:175,30
DA:178,26
DA:179,26
DA:182,4
DA:183,53
LF:10
LH:10
BRDA:172,0,0,30
BRF:1
BRH:1
end_of_record
